<?xml version="1.0" encoding="UTF-8"?>
<!-- Generated by org.testng.reporters.JUnitReportReporter -->
<testsuite hostname="Fatimah" failures="0" tests="1" name="projectOne.tests.PriceComparisonTest" time="28.229" errors="0" timestamp="2024-02-10T00:16:55 SGT" skipped="0">
  <testcase classname="projectOne.tests.PriceComparisonTest" name="priceComparison" time="28.229"/>
</testsuite> <!-- projectOne.tests.PriceComparisonTest -->
